<?xml version="1.0" encoding="UTF-8"?>
<!-- Generated by org.testng.reporters.JUnitReportReporter -->
<testsuite skipped="1" hostname="DESKTOP-CIG5KTI" name="com.sudhir.APIRestTestNG.testcases.TestCreateCustomerAPI" tests="2" failures="0" timestamp="24 Jan 2021 02:23:46 GMT" time="2.620" errors="0">
  <testcase name="fetchCustomer" time="2.620" classname="com.sudhir.APIRestTestNG.testcases.TestCreateCustomerAPI"/>
  <testcase name="validateCreateCustomerAPI" classname="com.sudhir.APIRestTestNG.testcases.TestCreateCustomerAPI">
    <skipped/>
  </testcase> <!-- validateCreateCustomerAPI -->
</testsuite> <!-- com.sudhir.APIRestTestNG.testcases.TestCreateCustomerAPI -->
